[debug] [2022-09-06T13:07:28.202Z] ----------------------------------------------------------------------
[debug] [2022-09-06T13:07:28.204Z] Command:       C:\Program Files\nodejs\node.exe C:\Users\Administrator\AppData\Roaming\npm\node_modules\firebase-tools\lib\bin\firebase.js init
[debug] [2022-09-06T13:07:28.205Z] CLI Version:   11.8.0
[debug] [2022-09-06T13:07:28.205Z] Platform:      win32
[debug] [2022-09-06T13:07:28.205Z] Node Version:  v16.14.0
[debug] [2022-09-06T13:07:28.206Z] Time:          Tue Sep 06 2022 20:07:28 GMT+0700 (Giờ Đông Dương)
[debug] [2022-09-06T13:07:28.206Z] ----------------------------------------------------------------------
[debug] 
[debug] [2022-09-06T13:07:28.271Z] > command requires scopes: ["email","openid","https://www.googleapis.com/auth/cloudplatformprojects.readonly","https://www.googleapis.com/auth/firebase","https://www.googleapis.com/auth/cloud-platform"]
[debug] [2022-09-06T13:07:28.272Z] > authorizing via signed-in user (linh777gkog@gmail.com)
[info] 
     ######## #### ########  ######## ########     ###     ######  ########
     ##        ##  ##     ## ##       ##     ##  ##   ##  ##       ##
     ######    ##  ########  ######   ########  #########  ######  ######
     ##        ##  ##    ##  ##       ##     ## ##     ##       ## ##
     ##       #### ##     ## ######## ########  ##     ##  ######  ########

You're about to initialize a Firebase project in this directory:

  D:\Workspace\Crypto_react_app\crypto-project

Before we get started, keep in mind:

  * You are initializing within an existing Firebase project directory

[info] 
=== Project Setup
[info] 
[info] First, let's associate this project directory with a Firebase project.
[info] You can create multiple project aliases by running firebase use --add, 
[info] but for now we'll just set up a default project.
[info] 
[debug] [2022-09-06T13:08:52.731Z] Using project from CLI flag: cryptobase-7b9b5
[debug] [2022-09-06T13:08:52.734Z] >>> [apiv2][query] GET https://firebase.googleapis.com/v1beta1/projects/cryptobase-7b9b5 [none]
[debug] [2022-09-06T13:08:53.364Z] <<< [apiv2][status] GET https://firebase.googleapis.com/v1beta1/projects/cryptobase-7b9b5 403
[debug] [2022-09-06T13:08:53.364Z] <<< [apiv2][body] GET https://firebase.googleapis.com/v1beta1/projects/cryptobase-7b9b5 {"error":{"code":403,"message":"The caller does not have permission","status":"PERMISSION_DENIED"}}
[debug] [2022-09-06T13:08:53.365Z] HTTP Error: 403, The caller does not have permission
[debug] [2022-09-06T13:08:53.488Z] FirebaseError: HTTP Error: 403, The caller does not have permission
    at responseToError (C:\Users\Administrator\AppData\Roaming\npm\node_modules\firebase-tools\lib\responseToError.js:49:12)
    at RetryOperation._fn (C:\Users\Administrator\AppData\Roaming\npm\node_modules\firebase-tools\lib\apiv2.js:288:77)
    at processTicksAndRejections (node:internal/process/task_queues:96:5)
[error] 
[error] Error: Failed to get Firebase project cryptobase-7b9b5. Please make sure the project exists and your account has permission to access it.
